<?xml version="1.0" encoding="UTF-8"?>
<!-- Generated by org.testng.reporters.JUnitXMLReporter -->
<testsuite hostname="DESKTOP-21DTESI" failures="0" tests="3" name="BankingApp Test" time="625.051" errors="0" timestamp="19 Jan 2024 21:41:26 GMT">
  <testcase classname="TestCases.TC_LoginTest_001" name="loginTest" time="0.599"/>
  <testcase classname="TestCases.TC_AddCustomer_003" name="addCustomer" time="606.939"/>
  <testcase classname="TestCases.TC_AddNewAccount_004" name="addNewAccount" time="6.959"/>
</testsuite> <!-- BankingApp Test -->
