<?xml version="1.0" encoding="UTF-8"?>
<!-- Generated by org.testng.reporters.JUnitXMLReporter -->
<testsuite hostname="DESKTOP-21DTESI" failures="0" tests="5" name="BankingApp Test" time="39.069" errors="0" timestamp="6 Feb 2024 20:31:41 GMT">
  <testcase classname="TestCases.TC_LoginTest_001" name="loginTest" time="2.802"/>
  <testcase classname="TestCases.TC_UnsuccessfulLogin_002" name="loginTest" time="1.646"/>
  <testcase classname="TestCases.TC_AddNewAccount_003" name="addNewAccount" time="7.306"/>
  <testcase classname="TestCases.TC_ChangeBillingAddress_004" name="changeBillingAddress" time="6.279"/>
  <testcase classname="TestCases.TC_AddNewAddress_005" name="changeBillingAddress" time="6.088"/>
</testsuite> <!-- BankingApp Test -->
