<?xml version="1.0" encoding="UTF-8"?>
<testng-results total="5" passed="5" failed="0" skipped="0">
  <reporter-output>
  </reporter-output>
  <suite started-at="2024-02-06T20:31:02Z" name="Suite1" finished-at="2024-02-06T20:31:41Z" duration-ms="39304">
    <groups>
    </groups>
    <test started-at="2024-02-06T20:31:02Z" name="BankingApp Test" finished-at="2024-02-06T20:31:41Z" duration-ms="39069">
      <class name="TestCases.TC_ChangeBillingAddress_004">
        <test-method is-config="true" signature="setup(java.lang.String)[pri:0, instance:TestCases.TC_ChangeBillingAddress_004@63c163e1]" started-at="2024-02-06T15:31:25Z" name="setup" finished-at="2024-02-06T15:31:27Z" duration-ms="2009" status="PASS">
          <params>
            <param index="0">
              <value>
                <![CDATA[chrome]]>
              </value>
            </param>
          </params>
          <reporter-output>
          </reporter-output>
        </test-method> <!-- setup -->
        <test-method signature="changeBillingAddress()[pri:0, instance:TestCases.TC_ChangeBillingAddress_004@63c163e1]" started-at="2024-02-06T15:31:27Z" name="changeBillingAddress" finished-at="2024-02-06T15:31:33Z" duration-ms="6279" status="PASS">
          <reporter-output>
          </reporter-output>
        </test-method> <!-- changeBillingAddress -->
        <test-method is-config="true" signature="teardown()[pri:0, instance:TestCases.TC_ChangeBillingAddress_004@63c163e1]" started-at="2024-02-06T15:31:33Z" name="teardown" finished-at="2024-02-06T15:31:33Z" duration-ms="105" status="PASS">
          <reporter-output>
          </reporter-output>
        </test-method> <!-- teardown -->
      </class> <!-- TestCases.TC_ChangeBillingAddress_004 -->
      <class name="TestCases.TC_AddNewAccount_003">
        <test-method is-config="true" signature="setup(java.lang.String)[pri:0, instance:TestCases.TC_AddNewAccount_003@99af41d]" started-at="2024-02-06T15:31:15Z" name="setup" finished-at="2024-02-06T15:31:17Z" duration-ms="2258" status="PASS">
          <params>
            <param index="0">
              <value>
                <![CDATA[chrome]]>
              </value>
            </param>
          </params>
          <reporter-output>
          </reporter-output>
        </test-method> <!-- setup -->
        <test-method signature="addNewAccount()[pri:0, instance:TestCases.TC_AddNewAccount_003@99af41d]" started-at="2024-02-06T15:31:17Z" name="addNewAccount" finished-at="2024-02-06T15:31:25Z" duration-ms="7306" status="PASS">
          <reporter-output>
          </reporter-output>
        </test-method> <!-- addNewAccount -->
        <test-method is-config="true" signature="teardown()[pri:0, instance:TestCases.TC_AddNewAccount_003@99af41d]" started-at="2024-02-06T15:31:25Z" name="teardown" finished-at="2024-02-06T15:31:25Z" duration-ms="140" status="PASS">
          <reporter-output>
          </reporter-output>
        </test-method> <!-- teardown -->
      </class> <!-- TestCases.TC_AddNewAccount_003 -->
      <class name="TestCases.TC_LoginTest_001">
        <test-method is-config="true" signature="setup(java.lang.String)[pri:0, instance:TestCases.TC_LoginTest_001@12051d38]" started-at="2024-02-06T15:31:02Z" name="setup" finished-at="2024-02-06T15:31:08Z" duration-ms="6092" status="PASS">
          <params>
            <param index="0">
              <value>
                <![CDATA[chrome]]>
              </value>
            </param>
          </params>
          <reporter-output>
          </reporter-output>
        </test-method> <!-- setup -->
        <test-method signature="loginTest()[pri:0, instance:TestCases.TC_LoginTest_001@12051d38]" started-at="2024-02-06T15:31:08Z" name="loginTest" finished-at="2024-02-06T15:31:11Z" duration-ms="2802" status="PASS">
          <reporter-output>
          </reporter-output>
        </test-method> <!-- loginTest -->
        <test-method is-config="true" signature="teardown()[pri:0, instance:TestCases.TC_LoginTest_001@12051d38]" started-at="2024-02-06T15:31:11Z" name="teardown" finished-at="2024-02-06T15:31:11Z" duration-ms="172" status="PASS">
          <reporter-output>
          </reporter-output>
        </test-method> <!-- teardown -->
      </class> <!-- TestCases.TC_LoginTest_001 -->
      <class name="TestCases.TC_UnsuccessfulLogin_002">
        <test-method is-config="true" signature="setup(java.lang.String)[pri:0, instance:TestCases.TC_UnsuccessfulLogin_002@6b468710]" started-at="2024-02-06T15:31:11Z" name="setup" finished-at="2024-02-06T15:31:13Z" duration-ms="1930" status="PASS">
          <params>
            <param index="0">
              <value>
                <![CDATA[chrome]]>
              </value>
            </param>
          </params>
          <reporter-output>
          </reporter-output>
        </test-method> <!-- setup -->
        <test-method signature="loginTest()[pri:0, instance:TestCases.TC_UnsuccessfulLogin_002@6b468710]" started-at="2024-02-06T15:31:13Z" name="loginTest" finished-at="2024-02-06T15:31:15Z" duration-ms="1646" status="PASS">
          <reporter-output>
          </reporter-output>
        </test-method> <!-- loginTest -->
        <test-method is-config="true" signature="teardown()[pri:0, instance:TestCases.TC_UnsuccessfulLogin_002@6b468710]" started-at="2024-02-06T15:31:15Z" name="teardown" finished-at="2024-02-06T15:31:15Z" duration-ms="102" status="PASS">
          <reporter-output>
          </reporter-output>
        </test-method> <!-- teardown -->
      </class> <!-- TestCases.TC_UnsuccessfulLogin_002 -->
      <class name="TestCases.TC_AddNewAddress_005">
        <test-method is-config="true" signature="setup(java.lang.String)[pri:0, instance:TestCases.TC_AddNewAddress_005@496e0f9d]" started-at="2024-02-06T15:31:33Z" name="setup" finished-at="2024-02-06T15:31:35Z" duration-ms="1847" status="PASS">
          <params>
            <param index="0">
              <value>
                <![CDATA[chrome]]>
              </value>
            </param>
          </params>
          <reporter-output>
          </reporter-output>
        </test-method> <!-- setup -->
        <test-method signature="changeBillingAddress()[pri:0, instance:TestCases.TC_AddNewAddress_005@496e0f9d]" started-at="2024-02-06T15:31:35Z" name="changeBillingAddress" finished-at="2024-02-06T15:31:41Z" duration-ms="6088" status="PASS">
          <reporter-output>
          </reporter-output>
        </test-method> <!-- changeBillingAddress -->
        <test-method is-config="true" signature="teardown()[pri:0, instance:TestCases.TC_AddNewAddress_005@496e0f9d]" started-at="2024-02-06T15:31:41Z" name="teardown" finished-at="2024-02-06T15:31:41Z" duration-ms="120" status="PASS">
          <reporter-output>
          </reporter-output>
        </test-method> <!-- teardown -->
      </class> <!-- TestCases.TC_AddNewAddress_005 -->
    </test> <!-- BankingApp Test -->
    <test started-at="2024-02-06T20:31:41Z" name="Parabank Test" finished-at="2024-02-06T20:31:41Z" duration-ms="0">
    </test> <!-- Parabank Test -->
  </suite> <!-- Suite1 -->
</testng-results>
