<?xml version="1.0" encoding="UTF-8"?>
<testng-results total="1" passed="1" failed="0" skipped="0">
  <reporter-output>
  </reporter-output>
  <suite started-at="2024-02-23T16:18:20Z" name="Suite1" finished-at="2024-02-23T16:18:34Z" duration-ms="14280">
    <groups>
    </groups>
    <test started-at="2024-02-23T16:18:20Z" name="BankingApp Test" finished-at="2024-02-23T16:18:34Z" duration-ms="13856">
      <class name="TestCases.TC_LoginTest_001">
        <test-method is-config="true" signature="setup(java.lang.String)[pri:0, instance:TestCases.TC_LoginTest_001@4f2b503c]" started-at="2024-02-23T11:18:20Z" name="setup" finished-at="2024-02-23T11:18:23Z" duration-ms="2932" status="PASS">
          <params>
            <param index="0">
              <value>
                <![CDATA[chrome]]>
              </value>
            </param>
          </params>
          <reporter-output>
          </reporter-output>
        </test-method> <!-- setup -->
        <test-method signature="loginTest()[pri:0, instance:TestCases.TC_LoginTest_001@4f2b503c]" started-at="2024-02-23T11:18:23Z" name="loginTest" finished-at="2024-02-23T11:18:34Z" duration-ms="10530" status="PASS">
          <reporter-output>
          </reporter-output>
        </test-method> <!-- loginTest -->
        <test-method is-config="true" signature="teardown()[pri:0, instance:TestCases.TC_LoginTest_001@4f2b503c]" started-at="2024-02-23T11:18:34Z" name="teardown" finished-at="2024-02-23T11:18:34Z" duration-ms="230" status="PASS">
          <reporter-output>
          </reporter-output>
        </test-method> <!-- teardown -->
      </class> <!-- TestCases.TC_LoginTest_001 -->
    </test> <!-- BankingApp Test -->
    <test started-at="2024-02-23T16:18:34Z" name="Parabank Test" finished-at="2024-02-23T16:18:34Z" duration-ms="16">
    </test> <!-- Parabank Test -->
  </suite> <!-- Suite1 -->
</testng-results>
