<?xml version="1.0" encoding="UTF-8"?>
<testsuite name="TestSuite" time="24.121" tests="5" errors="0" skipped="0" failures="0">
  <properties>
[...]
</properties>
  <testcase name="loginTest" classname="TestCases.TC_LoginTest_001" time="2.802"/>
  <testcase name="loginTest" classname="TestCases.TC_UnsuccessfulLogin_002" time="1.646"/>
  <testcase name="addNewAccount" classname="TestCases.TC_AddNewAccount_003" time="7.306"/>
  <testcase name="changeBillingAddress" classname="TestCases.TC_ChangeBillingAddress_004" time="6.279"/>
  <testcase name="changeBillingAddress" classname="TestCases.TC_AddNewAddress_005" time="6.088"/>
</testsuite>